#
# An unexpected error has been detected by Java Runtime Environment:
#
#  Internal Error (classFileParser.cpp:2923), pid=10756, tid=7540
#  Error: ShouldNotReachHere()
#
# Java VM: Java HotSpot(TM) Client VM (11.0-b15 mixed mode windows-x86)
# If you would like to submit a bug report, please visit:
#   http://java.sun.com/webapps/bugreport/crash.jsp
#

---------------  T H R E A D  ---------------

Current thread (0x026ca000):  JavaThread "Unknown thread" [_thread_in_vm, id=7540, stack(0x003a0000,0x003f0000)]

Stack: [0x003a0000,0x003f0000]
[error occurred during error reporting (printing stack bounds), id 0xc0000005]


---------------  P R O C E S S  ---------------

Java Threads: ( => current thread )

Other Threads:

=>0x026ca000 (exited) JavaThread "Unknown thread" [_thread_in_vm, id=7540, stack(0x003a0000,0x003f0000)]

VM state:not at safepoint (not fully initialized)

VM Mutex/Monitor currently owned by a thread: None

Dynamic libraries:
0x00400000 - 0x00424000 	D:\Program Files (x86)\Java\jre6\bin\javaw.exe
0x77340000 - 0x774c0000 	C:\Windows\SysWOW64\ntdll.dll
0x74c20000 - 0x74d20000 	C:\Windows\syswow64\kernel32.dll
0x74d80000 - 0x74dc6000 	C:\Windows\syswow64\KERNELBASE.dll
0x76360000 - 0x76400000 	C:\Windows\syswow64\ADVAPI32.dll
0x767f0000 - 0x7689c000 	C:\Windows\syswow64\msvcrt.dll
0x765b0000 - 0x765c9000 	C:\Windows\SysWOW64\sechost.dll
0x74a90000 - 0x74b80000 	C:\Windows\syswow64\RPCRT4.dll
0x74a30000 - 0x74a90000 	C:\Windows\syswow64\SspiCli.dll
0x74a20000 - 0x74a2c000 	C:\Windows\syswow64\CRYPTBASE.dll
0x753b0000 - 0x754b0000 	C:\Windows\syswow64\USER32.dll
0x768d0000 - 0x76960000 	C:\Windows\syswow64\GDI32.dll
0x76400000 - 0x7640a000 	C:\Windows\syswow64\LPK.dll
0x74b80000 - 0x74c1d000 	C:\Windows\syswow64\USP10.dll
0x74d20000 - 0x74d80000 	C:\Windows\system32\IMM32.DLL
0x76660000 - 0x7672c000 	C:\Windows\syswow64\MSCTF.dll
0x7c340000 - 0x7c396000 	D:\Program Files (x86)\Java\jre6\bin\msvcr71.dll
0x6d800000 - 0x6da56000 	D:\Program Files (x86)\Java\jre6\bin\client\jvm.dll
0x730b0000 - 0x730e2000 	C:\Windows\system32\WINMM.dll
0x745c0000 - 0x7460b000 	C:\Windows\system32\apphelp.dll
0x6d280000 - 0x6d288000 	D:\Program Files (x86)\Java\jre6\bin\hpi.dll
0x767d0000 - 0x767d5000 	C:\Windows\syswow64\PSAPI.DLL
0x6d7b0000 - 0x6d7bc000 	D:\Program Files (x86)\Java\jre6\bin\verify.dll
0x6d320000 - 0x6d33f000 	D:\Program Files (x86)\Java\jre6\bin\java.dll
0x6d7f0000 - 0x6d7ff000 	D:\Program Files (x86)\Java\jre6\bin\zip.dll

VM Arguments:
jvm_args: -Dvce.launchers=org.eclipse.ve.internal.java.vce.launcher.remotevm.JFCLauncher -Dvce.launcher.class=com.eq.Eq -Dfile.encoding=GBK -Xbootclasspath:F:\android-sdk-windows\platforms\android-10\android.jar 
java_command: org.eclipse.ve.internal.java.vce.launcher.remotevm.JavaBeansLauncher
Launcher Type: SUN_STANDARD

Environment Variables:
JAVA_HOME=D:\Program Files (x86)\Java\jdk1.6.0_10
CLASSPATH=D:\web\apache-tomcat-7.0.22\bin;D:\Program Files (x86)\Java\jdk1.6.0_10\bin
PATH=D:/Program Files (x86)/Java/jre6/bin/client;D:/Program Files (x86)/Java/jre6/bin;D:/Program Files (x86)/Java/jre6/lib/i386;F:/code/xdctools_3_20_08_88;C:\Program Files (x86)\AMD APP\bin\x86_64;C:\Program Files (x86)\AMD APP\bin\x86;C:\Windows\system32;C:\Windows;C:\Windows\System32\Wbem;C:\Windows\System32\WindowsPowerShell\v1.0\;C:\Program Files (x86)\ATI Technologies\ATI.ACE\Core-Static;C:\Program Files (x86)\Common Files\Thunder Network\KanKan\Codecs;c:\altera\81\quartus\bin;F:\android-sdk-windows\tools;F:\android-sdk-windows\platform-tools;D:\Program Files (x86)\Java\jdk1.6.0_10\bin;C:\Program Files (x86)\Common Files\Ulead Systems\MPEG;C:\Program Files (x86)\Microsoft SQL Server\80\Tools\Binn\;C:\Program Files (x86)\Microsoft SQL Server\90\DTS\Binn\;C:\Program Files (x86)\Microsoft SQL Server\90\Tools\binn\;C:\Program Files (x86)\Microsoft SQL Server\90\Tools\Binn\VSShell\Common7\IDE\;C:\Program Files (x86)\Microsoft Visual Studio 8\Common7\IDE\PrivateAssemblies\;F:/code/xdctools_3_20_08_88;D:\Program Files (x86)\Java\jdk1.6.0_10\bin;F:\android-sdk-windows\tools;F:\android-sdk-windows\platform-tools;F:\eclipse;
USERNAME=zhangyajie
OS=Windows_NT
PROCESSOR_IDENTIFIER=Intel64 Family 6 Model 37 Stepping 2, GenuineIntel



---------------  S Y S T E M  ---------------

OS: Windows NT 6.1 Build 7600 

CPU:total 4 (8 cores per cpu, 2 threads per core) family 6 model 5 stepping 2, cmov, cx8, fxsr, mmx, sse, sse2, sse3, ssse3, ht

Memory: 4k page, physical 2012716k(378636k free), swap 4194303k(787496k free)

vm_info: Java HotSpot(TM) Client VM (11.0-b15) for windows-x86 JRE (1.6.0_10-rc2-b32), built on Sep 12 2008 00:52:11 by "java_re" with MS VC++ 7.1

time: Sat Apr 07 21:25:46 2012
elapsed time: 0 seconds

