#
# An unexpected error has been detected by Java Runtime Environment:
#
#  Internal Error (classFileParser.cpp:2923), pid=5784, tid=716
#  Error: ShouldNotReachHere()
#
# Java VM: Java HotSpot(TM) Client VM (11.0-b15 mixed mode windows-x86)
# If you would like to submit a bug report, please visit:
#   http://java.sun.com/webapps/bugreport/crash.jsp
#

---------------  T H R E A D  ---------------

Current thread (0x024e9800):  JavaThread "Unknown thread" [_thread_in_vm, id=716, stack(0x00370000,0x003c0000)]

Stack: [0x00370000,0x003c0000]
[error occurred during error reporting (printing stack bounds), id 0xc0000005]


---------------  P R O C E S S  ---------------

Java Threads: ( => current thread )

Other Threads:

=>0x024e9800 (exited) JavaThread "Unknown thread" [_thread_in_vm, id=716, stack(0x00370000,0x003c0000)]

VM state:not at safepoint (not fully initialized)

VM Mutex/Monitor currently owned by a thread: None

Dynamic libraries:
0x00400000 - 0x00424000 	D:\Program Files (x86)\Java\jre6\bin\javaw.exe
0x77040000 - 0x771c0000 	C:\Windows\SysWOW64\ntdll.dll
0x751c0000 - 0x752c0000 	C:\Windows\syswow64\kernel32.dll
0x748d0000 - 0x74916000 	C:\Windows\syswow64\KERNELBASE.dll
0x750d0000 - 0x75170000 	C:\Windows\syswow64\ADVAPI32.dll
0x74300000 - 0x743ac000 	C:\Windows\syswow64\msvcrt.dll
0x76590000 - 0x765a9000 	C:\Windows\SysWOW64\sechost.dll
0x747e0000 - 0x748d0000 	C:\Windows\syswow64\RPCRT4.dll
0x742a0000 - 0x74300000 	C:\Windows\syswow64\SspiCli.dll
0x74290000 - 0x7429c000 	C:\Windows\syswow64\CRYPTBASE.dll
0x76190000 - 0x76290000 	C:\Windows\syswow64\USER32.dll
0x76290000 - 0x76320000 	C:\Windows\syswow64\GDI32.dll
0x750c0000 - 0x750ca000 	C:\Windows\syswow64\LPK.dll
0x764f0000 - 0x7658d000 	C:\Windows\syswow64\USP10.dll
0x74a00000 - 0x74a60000 	C:\Windows\system32\IMM32.DLL
0x74a60000 - 0x74b2c000 	C:\Windows\syswow64\MSCTF.dll
0x7c340000 - 0x7c396000 	D:\Program Files (x86)\Java\jre6\bin\msvcr71.dll
0x6d800000 - 0x6da56000 	D:\Program Files (x86)\Java\jre6\bin\client\jvm.dll
0x75180000 - 0x751b2000 	C:\Windows\syswow64\WINMM.dll
0x73a90000 - 0x73adb000 	C:\Windows\system32\apphelp.dll
0x6d280000 - 0x6d288000 	D:\Program Files (x86)\Java\jre6\bin\hpi.dll
0x74b30000 - 0x74b35000 	C:\Windows\syswow64\PSAPI.DLL
0x6d7b0000 - 0x6d7bc000 	D:\Program Files (x86)\Java\jre6\bin\verify.dll
0x6d320000 - 0x6d33f000 	D:\Program Files (x86)\Java\jre6\bin\java.dll
0x6d7f0000 - 0x6d7ff000 	D:\Program Files (x86)\Java\jre6\bin\zip.dll

VM Arguments:
jvm_args: -Dvce.launchers=org.eclipse.ve.internal.java.vce.launcher.remotevm.JFCLauncher -Dvce.launcher.class=com.eq.Eq -Dfile.encoding=GBK -Xbootclasspath:F:\android-sdk-windows\platforms\android-10\android.jar 
java_command: org.eclipse.ve.internal.java.vce.launcher.remotevm.JavaBeansLauncher
Launcher Type: SUN_STANDARD

Environment Variables:
JAVA_HOME=D:\Program Files (x86)\Java\jdk1.6.0_10
CLASSPATH=D:\web\apache-tomcat-7.0.22\bin;D:\Program Files (x86)\Java\jdk1.6.0_10\bin
PATH=D:/Program Files (x86)/Java/jre6/bin/client;D:/Program Files (x86)/Java/jre6/bin;D:/Program Files (x86)/Java/jre6/lib/i386;F:/code/xdctools_3_20_08_88;C:\Program Files (x86)\AMD APP\bin\x86_64;C:\Program Files (x86)\AMD APP\bin\x86;C:\Windows\system32;C:\Windows;C:\Windows\System32\Wbem;C:\Windows\System32\WindowsPowerShell\v1.0\;C:\Program Files (x86)\ATI Technologies\ATI.ACE\Core-Static;C:\Program Files (x86)\Common Files\Thunder Network\KanKan\Codecs;QUARTUS_ROOTDIR\bin;F:\android-sdk-windows\tools;F:\android-sdk-windows\platform-tools;D:\Program Files (x86)\Java\jdk1.6.0_10\bin;C:\Program Files (x86)\Common Files\Ulead Systems\MPEG;C:\Program Files (x86)\Microsoft SQL Server\80\Tools\Binn\;C:\Program Files (x86)\Microsoft SQL Server\90\DTS\Binn\;C:\Program Files (x86)\Microsoft SQL Server\90\Tools\binn\;C:\Program Files (x86)\Microsoft SQL Server\90\Tools\Binn\VSShell\Common7\IDE\;C:\Program Files (x86)\Microsoft Visual Studio 8\Common7\IDE\PrivateAssemblies\;C:\Program Files\MATLAB\R2012a\runtime\win64;C:\Program Files\MATLAB\R2012a\bin;F:/code/xdctools_3_20_08_88;D:\Program Files (x86)\Java\jdk1.6.0_10\bin;F:\android-sdk-windows\tools;F:\android-sdk-windows\platform-tools;F:\eclipse;
USERNAME=zhangyajie
OS=Windows_NT
PROCESSOR_IDENTIFIER=Intel64 Family 6 Model 37 Stepping 2, GenuineIntel



---------------  S Y S T E M  ---------------

OS: Windows NT 6.1 Build 7600 

CPU:total 4 (8 cores per cpu, 2 threads per core) family 6 model 5 stepping 2, cmov, cx8, fxsr, mmx, sse, sse2, sse3, ssse3, ht

Memory: 4k page, physical 2012716k(803136k free), swap 4025432k(1574060k free)

vm_info: Java HotSpot(TM) Client VM (11.0-b15) for windows-x86 JRE (1.6.0_10-rc2-b32), built on Sep 12 2008 00:52:11 by "java_re" with MS VC++ 7.1

time: Sat May 12 18:09:26 2012
elapsed time: 0 seconds

