#
# An unexpected error has been detected by Java Runtime Environment:
#
#  Internal Error (classFileParser.cpp:2923), pid=780, tid=4032
#  Error: ShouldNotReachHere()
#
# Java VM: Java HotSpot(TM) Client VM (11.0-b15 mixed mode windows-x86)
# If you would like to submit a bug report, please visit:
#   http://java.sun.com/webapps/bugreport/crash.jsp
#

---------------  T H R E A D  ---------------

Current thread (0x024d9c00):  JavaThread "Unknown thread" [_thread_in_vm, id=4032, stack(0x00380000,0x003d0000)]

Stack: [0x00380000,0x003d0000]
[error occurred during error reporting (printing stack bounds), id 0xc0000005]


---------------  P R O C E S S  ---------------

Java Threads: ( => current thread )

Other Threads:

=>0x024d9c00 (exited) JavaThread "Unknown thread" [_thread_in_vm, id=4032, stack(0x00380000,0x003d0000)]

VM state:not at safepoint (not fully initialized)

VM Mutex/Monitor currently owned by a thread: None

Dynamic libraries:
0x00400000 - 0x00424000 	D:\Program Files (x86)\Java\jre6\bin\javaw.exe
0x77880000 - 0x77a00000 	C:\Windows\SysWOW64\ntdll.dll
0x75540000 - 0x75640000 	C:\Windows\syswow64\kernel32.dll
0x76890000 - 0x768d6000 	C:\Windows\syswow64\KERNELBASE.dll
0x75250000 - 0x752f0000 	C:\Windows\syswow64\ADVAPI32.dll
0x76a30000 - 0x76adc000 	C:\Windows\syswow64\msvcrt.dll
0x75170000 - 0x75189000 	C:\Windows\SysWOW64\sechost.dll
0x76d90000 - 0x76e80000 	C:\Windows\syswow64\RPCRT4.dll
0x74ae0000 - 0x74b40000 	C:\Windows\syswow64\SspiCli.dll
0x74ad0000 - 0x74adc000 	C:\Windows\syswow64\CRYPTBASE.dll
0x76bf0000 - 0x76cf0000 	C:\Windows\syswow64\USER32.dll
0x74b90000 - 0x74c20000 	C:\Windows\syswow64\GDI32.dll
0x77850000 - 0x7785a000 	C:\Windows\syswow64\LPK.dll
0x74d80000 - 0x74e1d000 	C:\Windows\syswow64\USP10.dll
0x76b70000 - 0x76bd0000 	C:\Windows\system32\IMM32.DLL
0x75710000 - 0x757dc000 	C:\Windows\syswow64\MSCTF.dll
0x7c340000 - 0x7c396000 	D:\Program Files (x86)\Java\jre6\bin\msvcr71.dll
0x6d800000 - 0x6da56000 	D:\Program Files (x86)\Java\jre6\bin\client\jvm.dll
0x75910000 - 0x75942000 	C:\Windows\syswow64\WINMM.dll
0x732a0000 - 0x732eb000 	C:\Windows\system32\apphelp.dll
0x6d280000 - 0x6d288000 	D:\Program Files (x86)\Java\jre6\bin\hpi.dll
0x757e0000 - 0x757e5000 	C:\Windows\syswow64\PSAPI.DLL
0x6d370000 - 0x6d399000 	D:\Program Files (x86)\Java\jre6\bin\jdwp.dll
0x6d6a0000 - 0x6d6a6000 	D:\Program Files (x86)\Java\jre6\bin\npt.dll
0x6d7b0000 - 0x6d7bc000 	D:\Program Files (x86)\Java\jre6\bin\verify.dll
0x6d320000 - 0x6d33f000 	D:\Program Files (x86)\Java\jre6\bin\java.dll
0x6d7f0000 - 0x6d7ff000 	D:\Program Files (x86)\Java\jre6\bin\zip.dll

VM Arguments:
jvm_args: -agentlib:jdwp=transport=dt_socket,suspend=y,address=localhost:2965 -Dvce.launchers=org.eclipse.ve.internal.java.vce.launcher.remotevm.JFCLauncher -Dvce.launcher.class=com.eq.Eq -Dfile.encoding=GBK -Xbootclasspath:F:\android-sdk-windows\platforms\android-10\android.jar 
java_command: org.eclipse.ve.internal.java.vce.launcher.remotevm.JavaBeansLauncher
Launcher Type: SUN_STANDARD

Environment Variables:
JAVA_HOME=D:\Program Files (x86)\Java\jdk1.6.0_10
CLASSPATH=D:\web\apache-tomcat-7.0.22\bin;D:\Program Files (x86)\Java\jdk1.6.0_10\bin
PATH=D:/Program Files (x86)/Java/jre6/bin/client;D:/Program Files (x86)/Java/jre6/bin;D:/Program Files (x86)/Java/jre6/lib/i386;F:/code/xdctools_3_20_08_88;C:\Program Files (x86)\AMD APP\bin\x86_64;C:\Program Files (x86)\AMD APP\bin\x86;C:\Windows\system32;C:\Windows;C:\Windows\System32\Wbem;C:\Windows\System32\WindowsPowerShell\v1.0\;C:\Program Files (x86)\ATI Technologies\ATI.ACE\Core-Static;C:\Program Files (x86)\Common Files\Thunder Network\KanKan\Codecs;QUARTUS_ROOTDIR\bin;F:\android-sdk-windows\tools;F:\android-sdk-windows\platform-tools;D:\Program Files (x86)\Java\jdk1.6.0_10\bin;C:\Program Files (x86)\Common Files\Ulead Systems\MPEG;C:\Program Files (x86)\Microsoft SQL Server\80\Tools\Binn\;C:\Program Files (x86)\Microsoft SQL Server\90\DTS\Binn\;C:\Program Files (x86)\Microsoft SQL Server\90\Tools\binn\;C:\Program Files (x86)\Microsoft SQL Server\90\Tools\Binn\VSShell\Common7\IDE\;C:\Program Files (x86)\Microsoft Visual Studio 8\Common7\IDE\PrivateAssemblies\;C:\Program Files\MATLAB\R2012a\runtime\win64;C:\Program Files\MATLAB\R2012a\bin;F:/code/xdctools_3_20_08_88;D:\Program Files (x86)\Java\jdk1.6.0_10\bin;F:\android-sdk-windows\tools;F:\android-sdk-windows\platform-tools;F:\eclipse;
USERNAME=zhangyajie
OS=Windows_NT
PROCESSOR_IDENTIFIER=Intel64 Family 6 Model 37 Stepping 2, GenuineIntel



---------------  S Y S T E M  ---------------

OS: Windows NT 6.1 Build 7600 

CPU:total 4 (8 cores per cpu, 2 threads per core) family 6 model 5 stepping 2, cmov, cx8, fxsr, mmx, sse, sse2, sse3, ssse3, ht

Memory: 4k page, physical 2012716k(544900k free), swap 4025432k(1339612k free)

vm_info: Java HotSpot(TM) Client VM (11.0-b15) for windows-x86 JRE (1.6.0_10-rc2-b32), built on Sep 12 2008 00:52:11 by "java_re" with MS VC++ 7.1

time: Sun May 13 11:09:49 2012
elapsed time: 0 seconds

